<?xml version="1.0" encoding="UTF-8"?>
<!-- Generated by org.testng.reporters.JUnitReportReporter -->
<testsuite skipped="0" hostname="DESKTOP-QUD8HLU" name="com.training.functional.tests.RegistrationTests" tests="4" failures="0" timestamp="09 Feb 2019 04:05:09 GMT" time="52.740" errors="0">
  <testcase name="BrowserLaunchTest" time="37.226" classname="com.training.functional.tests.RegistrationTests"/>
  <testcase name="RegisterLinkTest" time="5.792" classname="com.training.functional.tests.RegistrationTests"/>
  <testcase name="RegisterHomeTest" time="9.645" classname="com.training.functional.tests.RegistrationTests"/>
  <testcase name="DisplayRegistrationSuccessfulFullMsg" time="0.077" classname="com.training.functional.tests.RegistrationTests"/>
</testsuite> <!-- com.training.functional.tests.RegistrationTests -->
