<?xml version="1.0" encoding="UTF-8"?>
<!-- Generated by org.testng.reporters.JUnitReportReporter -->
<testsuite skipped="0" hostname="DESKTOP-QUD8HLU" name="com.training.functional.tests.RegistrationTests" tests="3" failures="0" timestamp="28 Jan 2019 04:38:25 GMT" time="50.775" errors="0">
  <testcase name="BrowserLaunchTest" time="35.647" classname="com.training.functional.tests.RegistrationTests"/>
  <testcase name="RegisterLinkTest" time="4.993" classname="com.training.functional.tests.RegistrationTests"/>
  <testcase name="RegisterHomeTest" time="10.135" classname="com.training.functional.tests.RegistrationTests"/>
</testsuite> <!-- com.training.functional.tests.RegistrationTests -->
