<?xml version="1.0" encoding="UTF-8"?>
<!-- Generated by org.testng.reporters.JUnitReportReporter -->
<testsuite skipped="0" hostname="DESKTOP-QUD8HLU" name="com.training.functional.tests.TC_76ApplicationallowmultiNewTest" tests="5" failures="0" timestamp="09 Feb 2019 11:24:46 GMT" time="247.942" errors="0">
  <testcase name="BrowserLaunchTest" time="37.586" classname="com.training.functional.tests.TC_76ApplicationallowmultiNewTest"/>
  <testcase name="EnterUserCredntialsTogetRegistered" time="80.180" classname="com.training.functional.tests.TC_76ApplicationallowmultiNewTest"/>
  <testcase name="EnterUserCredntialsTogetRegistered" time="42.698" classname="com.training.functional.tests.TC_76ApplicationallowmultiNewTest"/>
  <testcase name="EnterUserCredntialsTogetRegistered" time="45.071" classname="com.training.functional.tests.TC_76ApplicationallowmultiNewTest"/>
  <testcase name="EnterUserCredntialsTogetRegistered" time="42.407" classname="com.training.functional.tests.TC_76ApplicationallowmultiNewTest"/>
</testsuite> <!-- com.training.functional.tests.TC_76ApplicationallowmultiNewTest -->
