<?xml version="1.0" encoding="UTF-8"?>
<!-- Generated by org.testng.reporters.JUnitReportReporter -->
<testsuite skipped="0" hostname="DESKTOP-QUD8HLU" name="com.training.functional.tests.TC_79ApplicationAllowsTeachertoAuthorCourseAssignmentsQuizStudentsRegisterCourseCompleteAssignmentsTeacherReviewSendMailTest" tests="17" failures="0" timestamp="09 Feb 2019 09:24:39 GMT" time="172.493" errors="0">
  <testcase name="BrowserLaunchTest" time="51.376" classname="com.training.functional.tests.TC_79ApplicationAllowsTeachertoAuthorCourseAssignmentsQuizStudentsRegisterCourseCompleteAssignmentsTeacherReviewSendMailTest"/>
  <testcase name="validTeacherLoginTest" time="10.355" classname="com.training.functional.tests.TC_79ApplicationAllowsTeachertoAuthorCourseAssignmentsQuizStudentsRegisterCourseCompleteAssignmentsTeacherReviewSendMailTest"/>
  <testcase name="clickOnAssessmentLink" time="1.782" classname="com.training.functional.tests.TC_79ApplicationAllowsTeachertoAuthorCourseAssignmentsQuizStudentsRegisterCourseCompleteAssignmentsTeacherReviewSendMailTest"/>
  <testcase name="AssessmentHomePage" time="1.537" classname="com.training.functional.tests.TC_79ApplicationAllowsTeachertoAuthorCourseAssignmentsQuizStudentsRegisterCourseCompleteAssignmentsTeacherReviewSendMailTest"/>
  <testcase name="ChooseTypeOfActivityToAccess" time="4.818" classname="com.training.functional.tests.TC_79ApplicationAllowsTeachertoAuthorCourseAssignmentsQuizStudentsRegisterCourseCompleteAssignmentsTeacherReviewSendMailTest"/>
  <testcase name="ChooseActivityToAccess" time="1.939" classname="com.training.functional.tests.TC_79ApplicationAllowsTeachertoAuthorCourseAssignmentsQuizStudentsRegisterCourseCompleteAssignmentsTeacherReviewSendMailTest"/>
  <testcase name="clickOnEditIconofCreatedAssessment" time="5.536" classname="com.training.functional.tests.TC_79ApplicationAllowsTeachertoAuthorCourseAssignmentsQuizStudentsRegisterCourseCompleteAssignmentsTeacherReviewSendMailTest"/>
  <testcase name="clickOnAttachedCertificateIcon" time="2.190" classname="com.training.functional.tests.TC_79ApplicationAllowsTeachertoAuthorCourseAssignmentsQuizStudentsRegisterCourseCompleteAssignmentsTeacherReviewSendMailTest"/>
  <testcase name="SignOutFromTeacherTest" time="4.429" classname="com.training.functional.tests.TC_79ApplicationAllowsTeachertoAuthorCourseAssignmentsQuizStudentsRegisterCourseCompleteAssignmentsTeacherReviewSendMailTest"/>
  <testcase name="StudentLogin" time="5.564" classname="com.training.functional.tests.TC_79ApplicationAllowsTeachertoAuthorCourseAssignmentsQuizStudentsRegisterCourseCompleteAssignmentsTeacherReviewSendMailTest"/>
  <testcase name="clickCourseCatalogLink" time="4.163" classname="com.training.functional.tests.TC_79ApplicationAllowsTeachertoAuthorCourseAssignmentsQuizStudentsRegisterCourseCompleteAssignmentsTeacherReviewSendMailTest"/>
  <testcase name="clickSearchCourseitemaftersubscribe" time="4.115" classname="com.training.functional.tests.TC_79ApplicationAllowsTeachertoAuthorCourseAssignmentsQuizStudentsRegisterCourseCompleteAssignmentsTeacherReviewSendMailTest"/>
  <testcase name="clickOnStudentAssessmentLink" time="43.742" classname="com.training.functional.tests.TC_79ApplicationAllowsTeachertoAuthorCourseAssignmentsQuizStudentsRegisterCourseCompleteAssignmentsTeacherReviewSendMailTest"/>
  <testcase name="clickonAnswersofTest" time="15.080" classname="com.training.functional.tests.TC_79ApplicationAllowsTeachertoAuthorCourseAssignmentsQuizStudentsRegisterCourseCompleteAssignmentsTeacherReviewSendMailTest"/>
  <testcase name="DisplayStudentTestResult" time="0.068" classname="com.training.functional.tests.TC_79ApplicationAllowsTeachertoAuthorCourseAssignmentsQuizStudentsRegisterCourseCompleteAssignmentsTeacherReviewSendMailTest"/>
  <testcase name="SignOutFromStudentTest" time="4.481" classname="com.training.functional.tests.TC_79ApplicationAllowsTeachertoAuthorCourseAssignmentsQuizStudentsRegisterCourseCompleteAssignmentsTeacherReviewSendMailTest"/>
  <testcase name="CheckTeacherLoginTest" time="11.318" classname="com.training.functional.tests.TC_79ApplicationAllowsTeachertoAuthorCourseAssignmentsQuizStudentsRegisterCourseCompleteAssignmentsTeacherReviewSendMailTest"/>
</testsuite> <!-- com.training.functional.tests.TC_79ApplicationAllowsTeachertoAuthorCourseAssignmentsQuizStudentsRegisterCourseCompleteAssignmentsTeacherReviewSendMailTest -->
