<?xml version="1.0" encoding="UTF-8"?>
<!-- Generated by org.testng.reporters.JUnitReportReporter -->
<testsuite skipped="0" hostname="DESKTOP-QUD8HLU" name="com.training.functional.tests.AllowAdminToCreateTrainingSession50Test" tests="11" failures="0" timestamp="11 Feb 2019 16:08:43 GMT" time="23.020" errors="0">
  <testcase name="validLoginTest" time="5.536" classname="com.training.functional.tests.AllowAdminToCreateTrainingSession50Test"/>
  <testcase name="AdministrationHomePageValidation" time="0.023" classname="com.training.functional.tests.AllowAdminToCreateTrainingSession50Test"/>
  <testcase name="AdministrationHomePageUnderCoursesessions" time="4.248" classname="com.training.functional.tests.AllowAdminToCreateTrainingSession50Test"/>
  <testcase name="AddaTrainingSessionPage" time="2.963" classname="com.training.functional.tests.AllowAdminToCreateTrainingSession50Test"/>
  <testcase name="Displaycoursestothissessionname" time="0.139" classname="com.training.functional.tests.AllowAdminToCreateTrainingSession50Test"/>
  <testcase name="ValidateSelectedCoursefromCourseListHighlighted" time="0.296" classname="com.training.functional.tests.AllowAdminToCreateTrainingSession50Test"/>
  <testcase name="validateSelectedCourseinCoursesinThisSession" time="0.273" classname="com.training.functional.tests.AllowAdminToCreateTrainingSession50Test"/>
  <testcase name="StudentSubscribe" time="2.093" classname="com.training.functional.tests.AllowAdminToCreateTrainingSession50Test"/>
  <testcase name="StudentSessionSubscribe" time="2.014" classname="com.training.functional.tests.AllowAdminToCreateTrainingSession50Test"/>
  <testcase name="StudentSessionSubscribemessage" time="0.245" classname="com.training.functional.tests.AllowAdminToCreateTrainingSession50Test"/>
  <testcase name="FinishSubmissionBtn" time="5.190" classname="com.training.functional.tests.AllowAdminToCreateTrainingSession50Test"/>
</testsuite> <!-- com.training.functional.tests.AllowAdminToCreateTrainingSession50Test -->
