<?xml version="1.0" encoding="UTF-8"?>
<!-- Generated by org.testng.reporters.JUnitReportReporter -->
<testsuite skipped="0" hostname="DESKTOP-QUD8HLU" name="com.training.functional.tests.EditAdminProfileTest" tests="4" failures="0" timestamp="24 Jan 2019 06:15:32 GMT" time="74.800" errors="0">
  <testcase name="loginProfileAdmin" time="51.635" classname="com.training.functional.tests.EditAdminProfileTest"/>
  <testcase name="clickeHomepageAdmin" time="12.552" classname="com.training.functional.tests.EditAdminProfileTest"/>
  <testcase name="clickeditProfileAdmin" time="3.872" classname="com.training.functional.tests.EditAdminProfileTest"/>
  <testcase name="editProfileAdmin" time="6.741" classname="com.training.functional.tests.EditAdminProfileTest"/>
</testsuite> <!-- com.training.functional.tests.EditAdminProfileTest -->
