<?xml version="1.0" encoding="UTF-8"?>
<!-- Generated by org.testng.reporters.JUnitReportReporter -->
<testsuite skipped="0" hostname="DESKTOP-QUD8HLU" name="com.training.functional.tests.UserListViewEditDetails" tests="3" failures="0" timestamp="24 Jan 2019 07:08:17 GMT" time="17.235" errors="0">
  <testcase name="loginProfileAdmin" time="6.344" classname="com.training.functional.tests.UserListViewEditDetails"/>
  <testcase name="clickuserlistLinkOnAdministration" time="8.852" classname="com.training.functional.tests.UserListViewEditDetails"/>
  <testcase name="userListPage" time="2.039" classname="com.training.functional.tests.UserListViewEditDetails"/>
</testsuite> <!-- com.training.functional.tests.UserListViewEditDetails -->
