<?xml version="1.0" encoding="UTF-8"?>
<!-- Generated by org.testng.reporters.JUnitReportReporter -->
<testsuite skipped="0" hostname="DESKTOP-QUD8HLU" name="com.training.functional.tests.TC_78RegisteredTeacherdetailstoredInDatabaseTest" tests="3" failures="0" timestamp="11 Feb 2019 02:07:30 GMT" time="18.159" errors="0">
  <testcase name="BrowserLaunchTest" time="11.447" classname="com.training.functional.tests.TC_78RegisteredTeacherdetailstoredInDatabaseTest"/>
  <testcase name="f" time="0.001" classname="com.training.functional.tests.TC_78RegisteredTeacherdetailstoredInDatabaseTest"/>
  <testcase name="RegisterLinkTest" time="6.711" classname="com.training.functional.tests.TC_78RegisteredTeacherdetailstoredInDatabaseTest"/>
</testsuite> <!-- com.training.functional.tests.TC_78RegisteredTeacherdetailstoredInDatabaseTest -->
