<?xml version="1.0" encoding="UTF-8"?>
<!-- Generated by org.testng.reporters.JUnitReportReporter -->
<testsuite skipped="0" hostname="DESKTOP-QUD8HLU" name="com.training.functional.tests.ApplicationAllowsMultipleUsertoGetRegisteredAsTeacher76Test" tests="2" failures="0" timestamp="06 Feb 2019 05:44:36 GMT" time="13.670" errors="0">
  <testcase name="BrowserLaunchTest" time="8.338" classname="com.training.functional.tests.ApplicationAllowsMultipleUsertoGetRegisteredAsTeacher76Test"/>
  <testcase name="RegisterLinkTest" time="5.332" classname="com.training.functional.tests.ApplicationAllowsMultipleUsertoGetRegisteredAsTeacher76Test"/>
</testsuite> <!-- com.training.functional.tests.ApplicationAllowsMultipleUsertoGetRegisteredAsTeacher76Test -->
