<?xml version="1.0" encoding="UTF-8"?>
<!-- Generated by org.testng.reporters.JUnitReportReporter -->
<testsuite skipped="1" hostname="DESKTOP-QUD8HLU" name="com.training.functional.tests.AllowStudentToCommentOnTaskAssigned46Test" tests="15" failures="0" timestamp="11 Feb 2019 10:43:23 GMT" time="24.265" errors="0">
  <testcase name="validLoginTest" time="3.921" classname="com.training.functional.tests.AllowStudentToCommentOnTaskAssigned46Test"/>
  <testcase name="clickCourseCatalogLink" time="1.494" classname="com.training.functional.tests.AllowStudentToCommentOnTaskAssigned46Test"/>
  <testcase name="clickSearchCourseitemaftersubscribe" time="5.537" classname="com.training.functional.tests.AllowStudentToCommentOnTaskAssigned46Test"/>
  <testcase name="DisplayProjectNameonProjectHomePage" time="0.058" classname="com.training.functional.tests.AllowStudentToCommentOnTaskAssigned46Test"/>
  <testcase name="ClickonStudentProjectInsideCourse" time="1.155" classname="com.training.functional.tests.AllowStudentToCommentOnTaskAssigned46Test"/>
  <testcase name="ClickonStudentTaskInsideProject" time="0.970" classname="com.training.functional.tests.AllowStudentToCommentOnTaskAssigned46Test"/>
  <testcase name="DisplayTaskBlogonStudentTask" time="0.056" classname="com.training.functional.tests.AllowStudentToCommentOnTaskAssigned46Test"/>
  <testcase name="ClickHomeImageTaskBlog" time="1.040" classname="com.training.functional.tests.AllowStudentToCommentOnTaskAssigned46Test"/>
  <testcase name="ProjectHomePage" time="0.057" classname="com.training.functional.tests.AllowStudentToCommentOnTaskAssigned46Test"/>
  <testcase name="clickOnAssignedTask" time="1.885" classname="com.training.functional.tests.AllowStudentToCommentOnTaskAssigned46Test"/>
  <testcase name="DisplayAssignedTaskDetailsPage" time="0.048" classname="com.training.functional.tests.AllowStudentToCommentOnTaskAssigned46Test"/>
  <testcase name="TaskPerformedNSubmitByStudent" time="7.631" classname="com.training.functional.tests.AllowStudentToCommentOnTaskAssigned46Test"/>
  <testcase name="AddedcommentDisplayed" time="0.324" classname="com.training.functional.tests.AllowStudentToCommentOnTaskAssigned46Test"/>
  <testcase name="DisplayCommentonAssignedTaskafterAddedComment" time="0.089" classname="com.training.functional.tests.AllowStudentToCommentOnTaskAssigned46Test"/>
  <testcase name="clickSearchCourseitem" classname="com.training.functional.tests.AllowStudentToCommentOnTaskAssigned46Test">
    <skipped/>
  </testcase> <!-- clickSearchCourseitem -->
</testsuite> <!-- com.training.functional.tests.AllowStudentToCommentOnTaskAssigned46Test -->
