<?xml version="1.0" encoding="UTF-8"?>
<!-- Generated by org.testng.reporters.JUnitReportReporter -->
<testsuite skipped="0" hostname="DESKTOP-QUD8HLU" name="com.training.functional.tests.AllowAdminToCreateCategorynCourse_47Test" tests="7" failures="0" timestamp="04 Feb 2019 11:36:52 GMT" time="21.741" errors="0">
  <testcase name="loginProfileAdmin" time="6.506" classname="com.training.functional.tests.AllowAdminToCreateCategorynCourse_47Test"/>
  <testcase name="CategoryCourse" time="1.523" classname="com.training.functional.tests.AllowAdminToCreateCategorynCourse_47Test"/>
  <testcase name="CategoryCourseImage" time="1.082" classname="com.training.functional.tests.AllowAdminToCreateCategorynCourse_47Test"/>
  <testcase name="AddCategory" time="1.565" classname="com.training.functional.tests.AllowAdminToCreateCategorynCourse_47Test"/>
  <testcase name="CreatedCategorySubmit" time="4.830" classname="com.training.functional.tests.AllowAdminToCreateCategorynCourse_47Test"/>
  <testcase name="ClickAdministrationLinkthenCourseCategoryLink" time="6.167" classname="com.training.functional.tests.AllowAdminToCreateCategorynCourse_47Test"/>
  <testcase name="NemeofAddedCategoryDisplayedinCoursescategories" time="0.068" classname="com.training.functional.tests.AllowAdminToCreateCategorynCourse_47Test"/>
</testsuite> <!-- com.training.functional.tests.AllowAdminToCreateCategorynCourse_47Test -->
