<?xml version="1.0" encoding="UTF-8"?>
<!-- Generated by org.testng.reporters.JUnitReportReporter -->
<testsuite skipped="0" hostname="DESKTOP-QUD8HLU" name="com.training.functional.tests.TC_76ApplicationallowmultiUserToRegisterTest" tests="5" failures="0" timestamp="14 Feb 2019 06:46:13 GMT" time="150.185" errors="0">
  <testcase name="BrowserLaunchTest" time="38.910" classname="com.training.functional.tests.TC_76ApplicationallowmultiUserToRegisterTest"/>
  <testcase name="EnterUserCredntialsTogetRegistered" time="40.514" classname="com.training.functional.tests.TC_76ApplicationallowmultiUserToRegisterTest"/>
  <testcase name="EnterUserCredntialsTogetRegistered" time="24.629" classname="com.training.functional.tests.TC_76ApplicationallowmultiUserToRegisterTest"/>
  <testcase name="EnterUserCredntialsTogetRegistered" time="24.560" classname="com.training.functional.tests.TC_76ApplicationallowmultiUserToRegisterTest"/>
  <testcase name="EnterUserCredntialsTogetRegistered" time="21.572" classname="com.training.functional.tests.TC_76ApplicationallowmultiUserToRegisterTest"/>
</testsuite> <!-- com.training.functional.tests.TC_76ApplicationallowmultiUserToRegisterTest -->
