<?xml version="1.0" encoding="UTF-8"?>
<!-- Generated by org.testng.reporters.JUnitReportReporter -->
<testsuite skipped="0" hostname="DESKTOP-QUD8HLU" name="com.training.functional.tests.TC_80Test" tests="10" failures="0" timestamp="12 Feb 2019 13:22:31 GMT" time="91.775" errors="0">
  <testcase name="BrowserLaunchTest" time="37.734" classname="com.training.functional.tests.TC_80Test"/>
  <testcase name="validLoginTest" time="3.912" classname="com.training.functional.tests.TC_80Test"/>
  <testcase name="clickAddNewUserOnAdministration" time="10.783" classname="com.training.functional.tests.TC_80Test"/>
  <testcase name="clickAddNewUserOnAdministration" time="10.793" classname="com.training.functional.tests.TC_80Test"/>
  <testcase name="clickAddNewUserOnAdministration" time="11.957" classname="com.training.functional.tests.TC_80Test"/>
  <testcase name="clickAddNewUserOnAdministration" time="11.335" classname="com.training.functional.tests.TC_80Test"/>
  <testcase name="ClickAdministrationLink" time="2.392" classname="com.training.functional.tests.TC_80Test"/>
  <testcase name="ClickAddUsersToCoursesLink" time="1.355" classname="com.training.functional.tests.TC_80Test"/>
  <testcase name="DisplayAddUsersToaCourseHomePage" time="0.090" classname="com.training.functional.tests.TC_80Test"/>
  <testcase name="SelectuserfromUserListForAddtoCourse" time="1.424" classname="com.training.functional.tests.TC_80Test"/>
</testsuite> <!-- com.training.functional.tests.TC_80Test -->
