<?xml version="1.0" encoding="UTF-8"?>
<!-- Generated by org.testng.reporters.JUnitReportReporter -->
<testsuite skipped="1" hostname="DESKTOP-QUD8HLU" name="com.training.functional.tests.AllowAdminToAddClassSubscribeUserToClassToCoursenSession49Test" tests="15" failures="0" timestamp="11 Feb 2019 15:44:17 GMT" time="50.551" errors="0">
  <testcase name="validLoginTest" time="4.985" classname="com.training.functional.tests.AllowAdminToAddClassSubscribeUserToClassToCoursenSession49Test"/>
  <testcase name="clickClassesLink" time="3.291" classname="com.training.functional.tests.AllowAdminToAddClassSubscribeUserToClassToCoursenSession49Test"/>
  <testcase name="clickAddClassesLink" time="0.765" classname="com.training.functional.tests.AllowAdminToAddClassSubscribeUserToClassToCoursenSession49Test"/>
  <testcase name="AddClassesAddSdetails" time="1.534" classname="com.training.functional.tests.AllowAdminToAddClassSubscribeUserToClassToCoursenSession49Test"/>
  <testcase name="AfterClassAddedSmsgDisplayed" time="0.105" classname="com.training.functional.tests.AllowAdminToAddClassSubscribeUserToClassToCoursenSession49Test"/>
  <testcase name="AfterClassAddedClassNameDisplayed" time="0.422" classname="com.training.functional.tests.AllowAdminToAddClassSubscribeUserToClassToCoursenSession49Test"/>
  <testcase name="ClickonSubscribeBtnForSubscribeUsersToClass" time="1.364" classname="com.training.functional.tests.AllowAdminToAddClassSubscribeUserToClassToCoursenSession49Test"/>
  <testcase name="DisplaySubscribeUserstoclassmsg" time="0.078" classname="com.training.functional.tests.AllowAdminToAddClassSubscribeUserToClassToCoursenSession49Test"/>
  <testcase name="ClickUsersinPlatformtocheckHighlighted" time="30.321" classname="com.training.functional.tests.AllowAdminToAddClassSubscribeUserToClassToCoursenSession49Test"/>
  <testcase name="SubscribeUsersToClass" time="2.212" classname="com.training.functional.tests.AllowAdminToAddClassSubscribeUserToClassToCoursenSession49Test"/>
  <testcase name="ClickonSubscribeBtnForSubscribeClassToCourses" time="0.968" classname="com.training.functional.tests.AllowAdminToAddClassSubscribeUserToClassToCoursenSession49Test"/>
  <testcase name="SubscribeClassToCourses" time="1.361" classname="com.training.functional.tests.AllowAdminToAddClassSubscribeUserToClassToCoursenSession49Test"/>
  <testcase name="AfterSubscribeClassToCourses" time="3.072" classname="com.training.functional.tests.AllowAdminToAddClassSubscribeUserToClassToCoursenSession49Test"/>
  <testcase name="AfterSubscribeNumofCourses" time="0.073" classname="com.training.functional.tests.AllowAdminToAddClassSubscribeUserToClassToCoursenSession49Test"/>
  <testcase name="performDeleteClass" classname="com.training.functional.tests.AllowAdminToAddClassSubscribeUserToClassToCoursenSession49Test">
    <skipped/>
  </testcase> <!-- performDeleteClass -->
</testsuite> <!-- com.training.functional.tests.AllowAdminToAddClassSubscribeUserToClassToCoursenSession49Test -->
