<?xml version="1.0" encoding="UTF-8"?>
<!-- Generated by org.testng.reporters.JUnitReportReporter -->
<testsuite skipped="0" hostname="DESKTOP-QUD8HLU" name="com.training.functional.tests.AllowAdminToCreateCategorynCourse_47Test" tests="13" failures="0" timestamp="11 Feb 2019 10:57:04 GMT" time="146.210" errors="0">
  <testcase name="loginProfileAdmin" time="17.192" classname="com.training.functional.tests.AllowAdminToCreateCategorynCourse_47Test"/>
  <testcase name="CategoryCourse" time="10.598" classname="com.training.functional.tests.AllowAdminToCreateCategorynCourse_47Test"/>
  <testcase name="CategoryCourseImage" time="9.906" classname="com.training.functional.tests.AllowAdminToCreateCategorynCourse_47Test"/>
  <testcase name="AddCategory" time="9.799" classname="com.training.functional.tests.AllowAdminToCreateCategorynCourse_47Test"/>
  <testcase name="CreatedCategorySubmit" time="5.299" classname="com.training.functional.tests.AllowAdminToCreateCategorynCourse_47Test"/>
  <testcase name="ClickAdministrationLinkthenCourseCategoryLink" time="22.169" classname="com.training.functional.tests.AllowAdminToCreateCategorynCourse_47Test"/>
  <testcase name="NemeofAddedCategoryDisplayedinCoursescategories" time="1.715" classname="com.training.functional.tests.AllowAdminToCreateCategorynCourse_47Test"/>
  <testcase name="ClickAdministrationLink" time="12.215" classname="com.training.functional.tests.AllowAdminToCreateCategorynCourse_47Test"/>
  <testcase name="CreateaCourseLink" time="14.602" classname="com.training.functional.tests.AllowAdminToCreateCategorynCourse_47Test"/>
  <testcase name="DisplayCreateACoursepage" time="1.261" classname="com.training.functional.tests.AllowAdminToCreateCategorynCourse_47Test"/>
  <testcase name="CreateCourseHomePage" time="34.465" classname="com.training.functional.tests.AllowAdminToCreateCategorynCourse_47Test"/>
  <testcase name="DisplayCourseinCourseListAfterCreatedCourse" time="6.512" classname="com.training.functional.tests.AllowAdminToCreateCategorynCourse_47Test"/>
  <testcase name="DisplayAfterSearchedinList" time="0.477" classname="com.training.functional.tests.AllowAdminToCreateCategorynCourse_47Test"/>
</testsuite> <!-- com.training.functional.tests.AllowAdminToCreateCategorynCourse_47Test -->
