<?xml version="1.0" encoding="UTF-8"?>
<!-- Generated by org.testng.reporters.JUnitReportReporter -->
<testsuite skipped="0" hostname="DESKTOP-QUD8HLU" name="com.training.functional.tests.AdminCreateTrainingSession50Test" tests="11" failures="0" timestamp="02 Feb 2019 11:52:12 GMT" time="33.055" errors="0">
  <testcase name="validLoginTest" time="3.050" classname="com.training.functional.tests.AdminCreateTrainingSession50Test"/>
  <testcase name="AdministrationHomePageValidation" time="5.019" classname="com.training.functional.tests.AdminCreateTrainingSession50Test"/>
  <testcase name="AdministrationHomePageUnderCoursesessions" time="5.191" classname="com.training.functional.tests.AdminCreateTrainingSession50Test"/>
  <testcase name="AddaTrainingSessionPage" time="1.834" classname="com.training.functional.tests.AdminCreateTrainingSession50Test"/>
  <testcase name="Displaycoursestothissessionname" time="0.127" classname="com.training.functional.tests.AdminCreateTrainingSession50Test"/>
  <testcase name="ValidateSelectedCoursefromCourseListHighlighted" time="4.258" classname="com.training.functional.tests.AdminCreateTrainingSession50Test"/>
  <testcase name="validateSelectedCourseinCoursesinThisSession" time="0.261" classname="com.training.functional.tests.AdminCreateTrainingSession50Test"/>
  <testcase name="StudentSubscribe" time="1.444" classname="com.training.functional.tests.AdminCreateTrainingSession50Test"/>
  <testcase name="StudentSessionSubscribe" time="1.059" classname="com.training.functional.tests.AdminCreateTrainingSession50Test"/>
  <testcase name="StudentSessionSubscribemessage" time="7.168" classname="com.training.functional.tests.AdminCreateTrainingSession50Test"/>
  <testcase name="FinishSubmissionBtn" time="3.644" classname="com.training.functional.tests.AdminCreateTrainingSession50Test"/>
</testsuite> <!-- com.training.functional.tests.AdminCreateTrainingSession50Test -->
