<?xml version="1.0" encoding="UTF-8"?>
<!-- Generated by org.testng.reporters.JUnitReportReporter -->
<testsuite skipped="0" hostname="DESKTOP-QUD8HLU" name="com.training.functional.tests.ApplicationAllowsMultipleUsertoGetRegisteredAsTeacherTest" tests="1" failures="0" timestamp="06 Feb 2019 05:15:17 GMT" time="3.025" errors="0">
  <testcase name="clickCourseCatalogLink" time="3.025" classname="com.training.functional.tests.ApplicationAllowsMultipleUsertoGetRegisteredAsTeacherTest"/>
</testsuite> <!-- com.training.functional.tests.ApplicationAllowsMultipleUsertoGetRegisteredAsTeacherTest -->
