<?xml version="1.0" encoding="UTF-8"?>
<!-- Generated by org.testng.reporters.JUnitReportReporter -->
<testsuite skipped="3" hostname="DESKTOP-QUD8HLU" name="com.training.functional.tests.AllowStudentToCommentOnTaskAssigned46Test" tests="17" failures="0" timestamp="03 Feb 2019 15:30:17 GMT" time="32.618" errors="0">
  <testcase name="validLoginTest" time="3.396" classname="com.training.functional.tests.AllowStudentToCommentOnTaskAssigned46Test"/>
  <testcase name="clickCourseCatalogLink" time="4.247" classname="com.training.functional.tests.AllowStudentToCommentOnTaskAssigned46Test"/>
  <testcase name="clickSearchCourseitemaftersubscribe" time="7.013" classname="com.training.functional.tests.AllowStudentToCommentOnTaskAssigned46Test"/>
  <testcase name="DisplayProjectNameonProjectHomePage" time="0.053" classname="com.training.functional.tests.AllowStudentToCommentOnTaskAssigned46Test"/>
  <testcase name="ClickonStudentProjectInsideCourse" time="1.356" classname="com.training.functional.tests.AllowStudentToCommentOnTaskAssigned46Test"/>
  <testcase name="ClickonStudentTaskInsideProject" time="1.410" classname="com.training.functional.tests.AllowStudentToCommentOnTaskAssigned46Test"/>
  <testcase name="DisplayTaskBlogonStudentTask" time="0.059" classname="com.training.functional.tests.AllowStudentToCommentOnTaskAssigned46Test"/>
  <testcase name="ClickHomeImageTaskBlog" time="1.016" classname="com.training.functional.tests.AllowStudentToCommentOnTaskAssigned46Test"/>
  <testcase name="ProjectHomePage" time="0.060" classname="com.training.functional.tests.AllowStudentToCommentOnTaskAssigned46Test"/>
  <testcase name="clickOnAssignedTask" time="1.656" classname="com.training.functional.tests.AllowStudentToCommentOnTaskAssigned46Test"/>
  <testcase name="DisplayAssignedTaskDetailsPage" time="0.046" classname="com.training.functional.tests.AllowStudentToCommentOnTaskAssigned46Test"/>
  <testcase name="TaskPerformedNSubmitByStudent" time="11.940" classname="com.training.functional.tests.AllowStudentToCommentOnTaskAssigned46Test"/>
  <testcase name="AddedcommentDisplayed" time="0.303" classname="com.training.functional.tests.AllowStudentToCommentOnTaskAssigned46Test"/>
  <testcase name="DisplayCommentonAssignedTaskafterAddedComment" time="0.063" classname="com.training.functional.tests.AllowStudentToCommentOnTaskAssigned46Test"/>
  <testcase name="GotoSearchCourseitemNperformSubscribe" classname="com.training.functional.tests.AllowStudentToCommentOnTaskAssigned46Test">
    <skipped/>
  </testcase> <!-- GotoSearchCourseitemNperformSubscribe -->
  <testcase name="DisplaySubscribedAlertMsg" classname="com.training.functional.tests.AllowStudentToCommentOnTaskAssigned46Test">
    <skipped/>
  </testcase> <!-- DisplaySubscribedAlertMsg -->
  <testcase name="clickSearchCourseitem" classname="com.training.functional.tests.AllowStudentToCommentOnTaskAssigned46Test">
    <skipped/>
  </testcase> <!-- clickSearchCourseitem -->
</testsuite> <!-- com.training.functional.tests.AllowStudentToCommentOnTaskAssigned46Test -->
