<?xml version="1.0" encoding="UTF-8"?>
<!-- Generated by org.testng.reporters.JUnitReportReporter -->
<testsuite skipped="0" hostname="DESKTOP-QUD8HLU" name="com.training.functional.tests.CreateAdminUserRegisterUserCourse48Test" tests="11" failures="0" timestamp="02 Feb 2019 10:58:43 GMT" time="18.267" errors="0">
  <testcase name="loginProfileAdmin" time="5.945" classname="com.training.functional.tests.CreateAdminUserRegisterUserCourse48Test"/>
  <testcase name="AddaUserLinkClick" time="1.409" classname="com.training.functional.tests.CreateAdminUserRegisterUserCourse48Test"/>
  <testcase name="AddaUser" time="5.836" classname="com.training.functional.tests.CreateAdminUserRegisterUserCourse48Test"/>
  <testcase name="CheckPagedisplayAfterUserAdded" time="0.066" classname="com.training.functional.tests.CreateAdminUserRegisterUserCourse48Test"/>
  <testcase name="ClickAdministrationLink" time="2.808" classname="com.training.functional.tests.CreateAdminUserRegisterUserCourse48Test"/>
  <testcase name="ClickAddUsersToCoursesLink" time="0.783" classname="com.training.functional.tests.CreateAdminUserRegisterUserCourse48Test"/>
  <testcase name="DisplayAddUsersToaCourseHomePage" time="0.069" classname="com.training.functional.tests.CreateAdminUserRegisterUserCourse48Test"/>
  <testcase name="SelectuserfromUserListForAddtoCourse" time="0.210" classname="com.training.functional.tests.CreateAdminUserRegisterUserCourse48Test"/>
  <testcase name="SelectCoursefromCourseListforUser" time="0.261" classname="com.training.functional.tests.CreateAdminUserRegisterUserCourse48Test"/>
  <testcase name="ClickUserListAddtoCourseBtn" time="0.814" classname="com.training.functional.tests.CreateAdminUserRegisterUserCourse48Test"/>
  <testcase name="AlertMsgcourseaddedtoUserLabel" time="0.066" classname="com.training.functional.tests.CreateAdminUserRegisterUserCourse48Test"/>
</testsuite> <!-- com.training.functional.tests.CreateAdminUserRegisterUserCourse48Test -->
