<?xml version="1.0" encoding="UTF-8"?>
<!-- Generated by org.testng.reporters.JUnitReportReporter -->
<testsuite skipped="0" hostname="DESKTOP-QUD8HLU" name="com.training.functional.tests.AdminLoginTest" tests="1" failures="0" timestamp="23 Jan 2019 16:45:26 GMT" time="75.678" errors="0">
  <testcase name="validLoginTest" time="75.678" classname="com.training.functional.tests.AdminLoginTest"/>
</testsuite> <!-- com.training.functional.tests.AdminLoginTest -->
