<?xml version="1.0" encoding="UTF-8"?>
<!-- Generated by org.testng.reporters.JUnitReportReporter -->
<testsuite skipped="1" hostname="DESKTOP-QUD8HLU" name="com.training.functional.tests.TC_77ApplicationDisplayErrorMsgOnEnteringInvalidDetailsTest" tests="5" failures="0" timestamp="14 Feb 2019 07:02:16 GMT" time="279.939" errors="0">
  <testcase name="EnterUserCredntialsTogetRegistered" time="45.052" classname="com.training.functional.tests.TC_77ApplicationDisplayErrorMsgOnEnteringInvalidDetailsTest"/>
  <testcase name="EnterUserCredntialsTogetRegistered" time="95.261" classname="com.training.functional.tests.TC_77ApplicationDisplayErrorMsgOnEnteringInvalidDetailsTest"/>
  <testcase name="EnterUserCredntialsTogetRegistered" time="94.898" classname="com.training.functional.tests.TC_77ApplicationDisplayErrorMsgOnEnteringInvalidDetailsTest"/>
  <testcase name="EnterUserCredntialsTogetRegistered" time="44.728" classname="com.training.functional.tests.TC_77ApplicationDisplayErrorMsgOnEnteringInvalidDetailsTest"/>
  <testcase name="checkInvalidmsgAfterRegistration" classname="com.training.functional.tests.TC_77ApplicationDisplayErrorMsgOnEnteringInvalidDetailsTest">
    <skipped/>
  </testcase> <!-- checkInvalidmsgAfterRegistration -->
</testsuite> <!-- com.training.functional.tests.TC_77ApplicationDisplayErrorMsgOnEnteringInvalidDetailsTest -->
