<?xml version="1.0" encoding="UTF-8"?>
<!-- Generated by org.testng.reporters.JUnitReportReporter -->
<testsuite skipped="0" hostname="DESKTOP-QUD8HLU" name="com.training.functional.tests.AllowAdminToCreateUserAndRegisterUserToCourse48Test" tests="12" failures="0" timestamp="11 Feb 2019 15:34:08 GMT" time="20.032" errors="0">
  <testcase name="loginProfileAdmin" time="3.903" classname="com.training.functional.tests.AllowAdminToCreateUserAndRegisterUserToCourse48Test"/>
  <testcase name="AddaUserLinkClick" time="2.022" classname="com.training.functional.tests.AllowAdminToCreateUserAndRegisterUserToCourse48Test"/>
  <testcase name="AddaUser" time="5.754" classname="com.training.functional.tests.AllowAdminToCreateUserAndRegisterUserToCourse48Test"/>
  <testcase name="CheckPagedisplayAfterUserAdded" time="0.064" classname="com.training.functional.tests.AllowAdminToCreateUserAndRegisterUserToCourse48Test"/>
  <testcase name="ClickAdministrationLink" time="0.962" classname="com.training.functional.tests.AllowAdminToCreateUserAndRegisterUserToCourse48Test"/>
  <testcase name="ClickAddUsersToCoursesLink" time="1.395" classname="com.training.functional.tests.AllowAdminToCreateUserAndRegisterUserToCourse48Test"/>
  <testcase name="DisplayAddUsersToaCourseHomePage" time="0.159" classname="com.training.functional.tests.AllowAdminToCreateUserAndRegisterUserToCourse48Test"/>
  <testcase name="SelectuserfromUserListForAddtoCourse" time="0.271" classname="com.training.functional.tests.AllowAdminToCreateUserAndRegisterUserToCourse48Test"/>
  <testcase name="SelectCoursefromCourseListforUser" time="0.223" classname="com.training.functional.tests.AllowAdminToCreateUserAndRegisterUserToCourse48Test"/>
  <testcase name="ClickUserListAddtoCourseBtn" time="0.895" classname="com.training.functional.tests.AllowAdminToCreateUserAndRegisterUserToCourse48Test"/>
  <testcase name="AlertMsgcourseaddedtoUserLabel" time="0.082" classname="com.training.functional.tests.AllowAdminToCreateUserAndRegisterUserToCourse48Test"/>
  <testcase name="DeleteAddedUserfromUserlist" time="4.302" classname="com.training.functional.tests.AllowAdminToCreateUserAndRegisterUserToCourse48Test"/>
</testsuite> <!-- com.training.functional.tests.AllowAdminToCreateUserAndRegisterUserToCourse48Test -->
