<?xml version="1.0" encoding="UTF-8"?>
<!-- Generated by org.testng.reporters.JUnitReportReporter -->
<testsuite skipped="0" hostname="DESKTOP-QUD8HLU" name="com.training.functional.tests.AddNewUserTest" tests="5" failures="0" timestamp="25 Jan 2019 11:06:16 GMT" time="49.315" errors="0">
  <testcase name="loginProfileAdmin" time="15.462" classname="com.training.functional.tests.AddNewUserTest"/>
  <testcase name="clickAddnewUserLinkOnAdministration" time="11.068" classname="com.training.functional.tests.AddNewUserTest"/>
  <testcase name="clickAddNewUserOnAdministration" time="18.231" classname="com.training.functional.tests.AddNewUserTest"/>
  <testcase name="checkDisplayedMsgafterSubmit" time="0.064" classname="com.training.functional.tests.AddNewUserTest"/>
  <testcase name="checkaddedUserfromSearch" time="4.490" classname="com.training.functional.tests.AddNewUserTest"/>
</testsuite> <!-- com.training.functional.tests.AddNewUserTest -->
