<?xml version="1.0" encoding="UTF-8"?>
<!-- Generated by org.testng.reporters.JUnitReportReporter -->
<testsuite skipped="1" hostname="DESKTOP-QUD8HLU" name="com.training.functional.tests.TeacherLoginTest" tests="5" failures="0" timestamp="25 Jan 2019 09:48:00 GMT" time="48.690" errors="0">
  <testcase name="BrowserLaunchTest" time="35.769" classname="com.training.functional.tests.TeacherLoginTest"/>
  <testcase name="validLoginTest" time="7.151" classname="com.training.functional.tests.TeacherLoginTest"/>
  <testcase name="ElearningHomeTest" time="5.766" classname="com.training.functional.tests.TeacherLoginTest"/>
  <testcase name="comparepageUrl" time="0.004" classname="com.training.functional.tests.TeacherLoginTest"/>
  <testcase name="comparepageTitle" classname="com.training.functional.tests.TeacherLoginTest">
    <skipped/>
  </testcase> <!-- comparepageTitle -->
</testsuite> <!-- com.training.functional.tests.TeacherLoginTest -->
