<?xml version="1.0" encoding="UTF-8"?>
<!-- Generated by org.testng.reporters.JUnitReportReporter -->
<testsuite skipped="0" hostname="DESKTOP-QUD8HLU" name="com.training.functional.tests.RegistrationTest" tests="2" failures="0" timestamp="22 Jan 2019 06:14:35 GMT" time="40.175" errors="0">
  <testcase name="BrowserLaunchTest" time="35.628" classname="com.training.functional.tests.RegistrationTest"/>
  <testcase name="RegisterLinkTest" time="4.547" classname="com.training.functional.tests.RegistrationTest"/>
</testsuite> <!-- com.training.functional.tests.RegistrationTest -->
