<?xml version="1.0" encoding="UTF-8"?>
<!-- Generated by org.testng.reporters.JUnitReportReporter -->
<testsuite skipped="0" hostname="DESKTOP-QUD8HLU" name="com.training.functional.tests.TC_80ApplicationAllowsAdminToCreateMultipleUserNregisterUsersToCourseTest" tests="10" failures="0" timestamp="14 Feb 2019 07:07:09 GMT" time="116.286" errors="0">
  <testcase name="BrowserLaunchTest" time="37.185" classname="com.training.functional.tests.TC_80ApplicationAllowsAdminToCreateMultipleUserNregisterUsersToCourseTest"/>
  <testcase name="validLoginTest" time="4.737" classname="com.training.functional.tests.TC_80ApplicationAllowsAdminToCreateMultipleUserNregisterUsersToCourseTest"/>
  <testcase name="clickAddNewUserOnAdministration" time="18.767" classname="com.training.functional.tests.TC_80ApplicationAllowsAdminToCreateMultipleUserNregisterUsersToCourseTest"/>
  <testcase name="clickAddNewUserOnAdministration" time="15.041" classname="com.training.functional.tests.TC_80ApplicationAllowsAdminToCreateMultipleUserNregisterUsersToCourseTest"/>
  <testcase name="clickAddNewUserOnAdministration" time="12.116" classname="com.training.functional.tests.TC_80ApplicationAllowsAdminToCreateMultipleUserNregisterUsersToCourseTest"/>
  <testcase name="clickAddNewUserOnAdministration" time="17.836" classname="com.training.functional.tests.TC_80ApplicationAllowsAdminToCreateMultipleUserNregisterUsersToCourseTest"/>
  <testcase name="ClickAdministrationLink" time="5.734" classname="com.training.functional.tests.TC_80ApplicationAllowsAdminToCreateMultipleUserNregisterUsersToCourseTest"/>
  <testcase name="ClickAddUsersToCoursesLink" time="2.214" classname="com.training.functional.tests.TC_80ApplicationAllowsAdminToCreateMultipleUserNregisterUsersToCourseTest"/>
  <testcase name="DisplayAddUsersToaCourseHomePage" time="0.081" classname="com.training.functional.tests.TC_80ApplicationAllowsAdminToCreateMultipleUserNregisterUsersToCourseTest"/>
  <testcase name="SelectuserfromUserListForAddtoCourse" time="2.575" classname="com.training.functional.tests.TC_80ApplicationAllowsAdminToCreateMultipleUserNregisterUsersToCourseTest"/>
</testsuite> <!-- com.training.functional.tests.TC_80ApplicationAllowsAdminToCreateMultipleUserNregisterUsersToCourseTest -->
