<?xml version="1.0" encoding="UTF-8"?>
<!-- Generated by org.testng.reporters.JUnitReportReporter -->
<testsuite skipped="1" hostname="DESKTOP-QUD8HLU" name="com.training.functional.tests.TC_77ApplicationDisplayErrorMsgOnEnteringInvalidDetailsTest" tests="5" failures="0" timestamp="09 Feb 2019 12:58:04 GMT" time="370.553" errors="0">
  <testcase name="EnterUserCredntialsTogetRegistered" time="56.736" classname="com.training.functional.tests.TC_77ApplicationDisplayErrorMsgOnEnteringInvalidDetailsTest"/>
  <testcase name="EnterUserCredntialsTogetRegistered" time="109.816" classname="com.training.functional.tests.TC_77ApplicationDisplayErrorMsgOnEnteringInvalidDetailsTest"/>
  <testcase name="EnterUserCredntialsTogetRegistered" time="133.239" classname="com.training.functional.tests.TC_77ApplicationDisplayErrorMsgOnEnteringInvalidDetailsTest"/>
  <testcase name="EnterUserCredntialsTogetRegistered" time="70.762" classname="com.training.functional.tests.TC_77ApplicationDisplayErrorMsgOnEnteringInvalidDetailsTest"/>
  <testcase name="checkInvalidmsgAfterRegistration" classname="com.training.functional.tests.TC_77ApplicationDisplayErrorMsgOnEnteringInvalidDetailsTest">
    <skipped/>
  </testcase> <!-- checkInvalidmsgAfterRegistration -->
</testsuite> <!-- com.training.functional.tests.TC_77ApplicationDisplayErrorMsgOnEnteringInvalidDetailsTest -->
