<?xml version="1.0" encoding="UTF-8"?>
<!-- Generated by org.testng.reporters.JUnitReportReporter -->
<testsuite skipped="1" hostname="DESKTOP-QUD8HLU" name="com.training.functional.tests.AdminAddClassSubscribeUserClassCourseSession49Test" tests="15" failures="0" timestamp="01 Feb 2019 18:44:48 GMT" time="103.208" errors="0">
  <testcase name="validLoginTest" time="17.520" classname="com.training.functional.tests.AdminAddClassSubscribeUserClassCourseSession49Test"/>
  <testcase name="clickClassesLink" time="7.721" classname="com.training.functional.tests.AdminAddClassSubscribeUserClassCourseSession49Test"/>
  <testcase name="clickAddClassesLink" time="9.139" classname="com.training.functional.tests.AdminAddClassSubscribeUserClassCourseSession49Test"/>
  <testcase name="AddClassesAddSdetails" time="11.098" classname="com.training.functional.tests.AdminAddClassSubscribeUserClassCourseSession49Test"/>
  <testcase name="AfterClassAddedSmsgDisplayed" time="0.899" classname="com.training.functional.tests.AdminAddClassSubscribeUserClassCourseSession49Test"/>
  <testcase name="AfterClassAddedClassNameDisplayed" time="0.693" classname="com.training.functional.tests.AdminAddClassSubscribeUserClassCourseSession49Test"/>
  <testcase name="ClickonSubscribeBtnForSubscribeUsersToClass" time="4.499" classname="com.training.functional.tests.AdminAddClassSubscribeUserClassCourseSession49Test"/>
  <testcase name="DisplaySubscribeUserstoclassmsg" time="0.556" classname="com.training.functional.tests.AdminAddClassSubscribeUserClassCourseSession49Test"/>
  <testcase name="ClickUsersinPlatformtocheckHighlighted" time="32.354" classname="com.training.functional.tests.AdminAddClassSubscribeUserClassCourseSession49Test"/>
  <testcase name="SubscribeUsersToClass" time="6.979" classname="com.training.functional.tests.AdminAddClassSubscribeUserClassCourseSession49Test"/>
  <testcase name="ClickonSubscribeBtnForSubscribeClassToCourses" time="3.387" classname="com.training.functional.tests.AdminAddClassSubscribeUserClassCourseSession49Test"/>
  <testcase name="SubscribeClassToCourses" time="6.989" classname="com.training.functional.tests.AdminAddClassSubscribeUserClassCourseSession49Test"/>
  <testcase name="AfterSubscribeClassToCourses" time="0.926" classname="com.training.functional.tests.AdminAddClassSubscribeUserClassCourseSession49Test"/>
  <testcase name="AfterSubscribeNumofCourses" time="0.448" classname="com.training.functional.tests.AdminAddClassSubscribeUserClassCourseSession49Test"/>
  <testcase name="performDeleteClass" classname="com.training.functional.tests.AdminAddClassSubscribeUserClassCourseSession49Test">
    <skipped/>
  </testcase> <!-- performDeleteClass -->
</testsuite> <!-- com.training.functional.tests.AdminAddClassSubscribeUserClassCourseSession49Test -->
