<?xml version="1.0" encoding="UTF-8"?>
<!-- Generated by org.testng.reporters.JUnitReportReporter -->
<testsuite skipped="1" hostname="DESKTOP-QUD8HLU" name="com.training.functional.tests.TeacherLoginTest" tests="5" failures="0" timestamp="24 Jan 2019 05:37:52 GMT" time="47.711" errors="0">
  <testcase name="BrowserLaunchTest" time="35.632" classname="com.training.functional.tests.TeacherLoginTest"/>
  <testcase name="validLoginTest" time="7.104" classname="com.training.functional.tests.TeacherLoginTest"/>
  <testcase name="ElearningHomeTest" time="4.974" classname="com.training.functional.tests.TeacherLoginTest"/>
  <testcase name="comparepageUrl" time="0.001" classname="com.training.functional.tests.TeacherLoginTest"/>
  <testcase name="comparepageTitle" classname="com.training.functional.tests.TeacherLoginTest">
    <skipped/>
  </testcase> <!-- comparepageTitle -->
</testsuite> <!-- com.training.functional.tests.TeacherLoginTest -->
