<?xml version="1.0" encoding="UTF-8"?>
<!-- Generated by org.testng.reporters.JUnitReportReporter -->
<testsuite skipped="1" hostname="DESKTOP-QUD8HLU" name="com.training.functional.tests.TC_77ApplicationDisplayErrorMsgOnEnteringInvalidDetailsTest" tests="5" failures="0" timestamp="12 Feb 2019 02:16:46 GMT" time="256.700" errors="0">
  <testcase name="EnterUserCredntialsTogetRegistered" time="39.533" classname="com.training.functional.tests.TC_77ApplicationDisplayErrorMsgOnEnteringInvalidDetailsTest"/>
  <testcase name="EnterUserCredntialsTogetRegistered" time="86.390" classname="com.training.functional.tests.TC_77ApplicationDisplayErrorMsgOnEnteringInvalidDetailsTest"/>
  <testcase name="EnterUserCredntialsTogetRegistered" time="91.814" classname="com.training.functional.tests.TC_77ApplicationDisplayErrorMsgOnEnteringInvalidDetailsTest"/>
  <testcase name="EnterUserCredntialsTogetRegistered" time="38.963" classname="com.training.functional.tests.TC_77ApplicationDisplayErrorMsgOnEnteringInvalidDetailsTest"/>
  <testcase name="checkInvalidmsgAfterRegistration" classname="com.training.functional.tests.TC_77ApplicationDisplayErrorMsgOnEnteringInvalidDetailsTest">
    <skipped/>
  </testcase> <!-- checkInvalidmsgAfterRegistration -->
</testsuite> <!-- com.training.functional.tests.TC_77ApplicationDisplayErrorMsgOnEnteringInvalidDetailsTest -->
