<?xml version="1.0" encoding="UTF-8"?>
<!-- Generated by org.testng.reporters.JUnitReportReporter -->
<testsuite skipped="0" hostname="DESKTOP-QUD8HLU" name="com.training.functional.tests.TC_79ApplicationAllowsTeachertoAuthorCourseAssignmentsQuizStudentsRegisterCourseCompleteAssignmentsTeacherReviewSendMailTest" tests="17" failures="0" timestamp="14 Feb 2019 07:21:40 GMT" time="100.242" errors="0">
  <testcase name="BrowserLaunchTest" time="36.788" classname="com.training.functional.tests.TC_79ApplicationAllowsTeachertoAuthorCourseAssignmentsQuizStudentsRegisterCourseCompleteAssignmentsTeacherReviewSendMailTest"/>
  <testcase name="validTeacherLoginTest" time="7.129" classname="com.training.functional.tests.TC_79ApplicationAllowsTeachertoAuthorCourseAssignmentsQuizStudentsRegisterCourseCompleteAssignmentsTeacherReviewSendMailTest"/>
  <testcase name="clickOnAssessmentLink" time="1.770" classname="com.training.functional.tests.TC_79ApplicationAllowsTeachertoAuthorCourseAssignmentsQuizStudentsRegisterCourseCompleteAssignmentsTeacherReviewSendMailTest"/>
  <testcase name="AssessmentHomePage" time="1.474" classname="com.training.functional.tests.TC_79ApplicationAllowsTeachertoAuthorCourseAssignmentsQuizStudentsRegisterCourseCompleteAssignmentsTeacherReviewSendMailTest"/>
  <testcase name="ChooseTypeOfActivityToAccess" time="1.609" classname="com.training.functional.tests.TC_79ApplicationAllowsTeachertoAuthorCourseAssignmentsQuizStudentsRegisterCourseCompleteAssignmentsTeacherReviewSendMailTest"/>
  <testcase name="ChooseActivityToAccess" time="2.701" classname="com.training.functional.tests.TC_79ApplicationAllowsTeachertoAuthorCourseAssignmentsQuizStudentsRegisterCourseCompleteAssignmentsTeacherReviewSendMailTest"/>
  <testcase name="clickOnEditIconofCreatedAssessment" time="2.542" classname="com.training.functional.tests.TC_79ApplicationAllowsTeachertoAuthorCourseAssignmentsQuizStudentsRegisterCourseCompleteAssignmentsTeacherReviewSendMailTest"/>
  <testcase name="clickOnAttachedCertificateIcon" time="2.031" classname="com.training.functional.tests.TC_79ApplicationAllowsTeachertoAuthorCourseAssignmentsQuizStudentsRegisterCourseCompleteAssignmentsTeacherReviewSendMailTest"/>
  <testcase name="SignOutFromTeacherTest" time="1.340" classname="com.training.functional.tests.TC_79ApplicationAllowsTeachertoAuthorCourseAssignmentsQuizStudentsRegisterCourseCompleteAssignmentsTeacherReviewSendMailTest"/>
  <testcase name="StudentLogin" time="1.764" classname="com.training.functional.tests.TC_79ApplicationAllowsTeachertoAuthorCourseAssignmentsQuizStudentsRegisterCourseCompleteAssignmentsTeacherReviewSendMailTest"/>
  <testcase name="clickCourseCatalogLink" time="1.116" classname="com.training.functional.tests.TC_79ApplicationAllowsTeachertoAuthorCourseAssignmentsQuizStudentsRegisterCourseCompleteAssignmentsTeacherReviewSendMailTest"/>
  <testcase name="clickSearchCourseitemaftersubscribe" time="2.500" classname="com.training.functional.tests.TC_79ApplicationAllowsTeachertoAuthorCourseAssignmentsQuizStudentsRegisterCourseCompleteAssignmentsTeacherReviewSendMailTest"/>
  <testcase name="clickOnStudentAssessmentLink" time="7.235" classname="com.training.functional.tests.TC_79ApplicationAllowsTeachertoAuthorCourseAssignmentsQuizStudentsRegisterCourseCompleteAssignmentsTeacherReviewSendMailTest"/>
  <testcase name="clickonAnswersofTest" time="16.404" classname="com.training.functional.tests.TC_79ApplicationAllowsTeachertoAuthorCourseAssignmentsQuizStudentsRegisterCourseCompleteAssignmentsTeacherReviewSendMailTest"/>
  <testcase name="DisplayStudentTestResult" time="0.109" classname="com.training.functional.tests.TC_79ApplicationAllowsTeachertoAuthorCourseAssignmentsQuizStudentsRegisterCourseCompleteAssignmentsTeacherReviewSendMailTest"/>
  <testcase name="SignOutFromStudentTest" time="3.282" classname="com.training.functional.tests.TC_79ApplicationAllowsTeachertoAuthorCourseAssignmentsQuizStudentsRegisterCourseCompleteAssignmentsTeacherReviewSendMailTest"/>
  <testcase name="CheckTeacherLoginTest" time="10.448" classname="com.training.functional.tests.TC_79ApplicationAllowsTeachertoAuthorCourseAssignmentsQuizStudentsRegisterCourseCompleteAssignmentsTeacherReviewSendMailTest"/>
</testsuite> <!-- com.training.functional.tests.TC_79ApplicationAllowsTeachertoAuthorCourseAssignmentsQuizStudentsRegisterCourseCompleteAssignmentsTeacherReviewSendMailTest -->
