<?xml version="1.0" encoding="UTF-8"?>
<!-- Generated by org.testng.reporters.JUnitReportReporter -->
<testsuite skipped="0" hostname="DESKTOP-QUD8HLU" name="com.training.functional.tests.RegistrationTests" tests="3" failures="0" timestamp="22 Jan 2019 10:17:06 GMT" time="52.311" errors="0">
  <testcase name="BrowserLaunchTest" time="35.567" classname="com.training.functional.tests.RegistrationTests"/>
  <testcase name="RegisterLinkTest" time="5.137" classname="com.training.functional.tests.RegistrationTests"/>
  <testcase name="RegisterHomeTest" time="11.607" classname="com.training.functional.tests.RegistrationTests"/>
</testsuite> <!-- com.training.functional.tests.RegistrationTests -->
