<?xml version="1.0" encoding="UTF-8"?>
<!-- Generated by org.testng.reporters.JUnitReportReporter -->
<testsuite skipped="0" hostname="DESKTOP-QUD8HLU" name="com.training.functional.tests.CreateAdminCategorynCourse47Test" tests="10" failures="0" timestamp="02 Feb 2019 09:41:11 GMT" time="82.957" errors="0">
  <testcase name="loginProfileAdmin" time="5.939" classname="com.training.functional.tests.CreateAdminCategorynCourse47Test"/>
  <testcase name="CategoryCourse" time="1.023" classname="com.training.functional.tests.CreateAdminCategorynCourse47Test"/>
  <testcase name="CategoryCourseImage" time="2.797" classname="com.training.functional.tests.CreateAdminCategorynCourse47Test"/>
  <testcase name="AddCategory" time="4.170" classname="com.training.functional.tests.CreateAdminCategorynCourse47Test"/>
  <testcase name="ClickAdministrationLink" time="2.813" classname="com.training.functional.tests.CreateAdminCategorynCourse47Test"/>
  <testcase name="CreateaCourseLink" time="52.959" classname="com.training.functional.tests.CreateAdminCategorynCourse47Test"/>
  <testcase name="DisplayCreateACoursepage" time="3.097" classname="com.training.functional.tests.CreateAdminCategorynCourse47Test"/>
  <testcase name="CreateCourseHomePage" time="6.133" classname="com.training.functional.tests.CreateAdminCategorynCourse47Test"/>
  <testcase name="DisplayCourseinCourseListAfterCreatedCourse" time="3.948" classname="com.training.functional.tests.CreateAdminCategorynCourse47Test"/>
  <testcase name="DisplayAfterSearchedinList" time="0.078" classname="com.training.functional.tests.CreateAdminCategorynCourse47Test"/>
</testsuite> <!-- com.training.functional.tests.CreateAdminCategorynCourse47Test -->
