<?xml version="1.0" encoding="UTF-8"?>
<!-- Generated by org.testng.reporters.JUnitReportReporter -->
<testsuite skipped="0" hostname="DESKTOP-QUD8HLU" name="com.training.functional.tests.EditAdminProfileTest" tests="4" failures="0" timestamp="25 Jan 2019 09:52:20 GMT" time="23.456" errors="0">
  <testcase name="loginProfileAdmin" time="6.442" classname="com.training.functional.tests.EditAdminProfileTest"/>
  <testcase name="clickeHomepageAdmin" time="7.222" classname="com.training.functional.tests.EditAdminProfileTest"/>
  <testcase name="clickeditProfileAdmin" time="3.115" classname="com.training.functional.tests.EditAdminProfileTest"/>
  <testcase name="editProfileAdmin" time="6.677" classname="com.training.functional.tests.EditAdminProfileTest"/>
</testsuite> <!-- com.training.functional.tests.EditAdminProfileTest -->
