<?xml version="1.0" encoding="UTF-8"?>
<!-- Generated by org.testng.reporters.JUnitReportReporter -->
<testsuite skipped="0" hostname="DESKTOP-QUD8HLU" name="com.training.functional.tests.TC_76ApplicationallowmultiFinalTest" tests="5" failures="0" timestamp="12 Feb 2019 02:10:03 GMT" time="90.876" errors="0">
  <testcase name="BrowserLaunchTest" time="35.152" classname="com.training.functional.tests.TC_76ApplicationallowmultiFinalTest"/>
  <testcase name="EnterUserCredntialsTogetRegistered" time="17.926" classname="com.training.functional.tests.TC_76ApplicationallowmultiFinalTest"/>
  <testcase name="EnterUserCredntialsTogetRegistered" time="12.222" classname="com.training.functional.tests.TC_76ApplicationallowmultiFinalTest"/>
  <testcase name="EnterUserCredntialsTogetRegistered" time="12.755" classname="com.training.functional.tests.TC_76ApplicationallowmultiFinalTest"/>
  <testcase name="EnterUserCredntialsTogetRegistered" time="12.821" classname="com.training.functional.tests.TC_76ApplicationallowmultiFinalTest"/>
</testsuite> <!-- com.training.functional.tests.TC_76ApplicationallowmultiFinalTest -->
