<?xml version="1.0" encoding="UTF-8"?>
<!-- Generated by org.testng.reporters.JUnitReportReporter -->
<testsuite skipped="0" hostname="DESKTOP-QUD8HLU" name="com.training.functional.tests.TC_79ApplicationAllowsTeachertoAuthorCourseAssignmentsQuizStudentsRegisterCourseCompleteAssignmentsTeacherReviewSendMailTest" tests="17" failures="0" timestamp="12 Feb 2019 02:21:31 GMT" time="120.970" errors="0">
  <testcase name="BrowserLaunchTest" time="35.861" classname="com.training.functional.tests.TC_79ApplicationAllowsTeachertoAuthorCourseAssignmentsQuizStudentsRegisterCourseCompleteAssignmentsTeacherReviewSendMailTest"/>
  <testcase name="validTeacherLoginTest" time="8.954" classname="com.training.functional.tests.TC_79ApplicationAllowsTeachertoAuthorCourseAssignmentsQuizStudentsRegisterCourseCompleteAssignmentsTeacherReviewSendMailTest"/>
  <testcase name="clickOnAssessmentLink" time="2.275" classname="com.training.functional.tests.TC_79ApplicationAllowsTeachertoAuthorCourseAssignmentsQuizStudentsRegisterCourseCompleteAssignmentsTeacherReviewSendMailTest"/>
  <testcase name="AssessmentHomePage" time="1.675" classname="com.training.functional.tests.TC_79ApplicationAllowsTeachertoAuthorCourseAssignmentsQuizStudentsRegisterCourseCompleteAssignmentsTeacherReviewSendMailTest"/>
  <testcase name="ChooseTypeOfActivityToAccess" time="4.779" classname="com.training.functional.tests.TC_79ApplicationAllowsTeachertoAuthorCourseAssignmentsQuizStudentsRegisterCourseCompleteAssignmentsTeacherReviewSendMailTest"/>
  <testcase name="ChooseActivityToAccess" time="1.725" classname="com.training.functional.tests.TC_79ApplicationAllowsTeachertoAuthorCourseAssignmentsQuizStudentsRegisterCourseCompleteAssignmentsTeacherReviewSendMailTest"/>
  <testcase name="clickOnEditIconofCreatedAssessment" time="5.900" classname="com.training.functional.tests.TC_79ApplicationAllowsTeachertoAuthorCourseAssignmentsQuizStudentsRegisterCourseCompleteAssignmentsTeacherReviewSendMailTest"/>
  <testcase name="clickOnAttachedCertificateIcon" time="2.684" classname="com.training.functional.tests.TC_79ApplicationAllowsTeachertoAuthorCourseAssignmentsQuizStudentsRegisterCourseCompleteAssignmentsTeacherReviewSendMailTest"/>
  <testcase name="SignOutFromTeacherTest" time="4.609" classname="com.training.functional.tests.TC_79ApplicationAllowsTeachertoAuthorCourseAssignmentsQuizStudentsRegisterCourseCompleteAssignmentsTeacherReviewSendMailTest"/>
  <testcase name="StudentLogin" time="4.760" classname="com.training.functional.tests.TC_79ApplicationAllowsTeachertoAuthorCourseAssignmentsQuizStudentsRegisterCourseCompleteAssignmentsTeacherReviewSendMailTest"/>
  <testcase name="clickCourseCatalogLink" time="4.496" classname="com.training.functional.tests.TC_79ApplicationAllowsTeachertoAuthorCourseAssignmentsQuizStudentsRegisterCourseCompleteAssignmentsTeacherReviewSendMailTest"/>
  <testcase name="clickSearchCourseitemaftersubscribe" time="4.327" classname="com.training.functional.tests.TC_79ApplicationAllowsTeachertoAuthorCourseAssignmentsQuizStudentsRegisterCourseCompleteAssignmentsTeacherReviewSendMailTest"/>
  <testcase name="clickOnStudentAssessmentLink" time="7.691" classname="com.training.functional.tests.TC_79ApplicationAllowsTeachertoAuthorCourseAssignmentsQuizStudentsRegisterCourseCompleteAssignmentsTeacherReviewSendMailTest"/>
  <testcase name="clickonAnswersofTest" time="15.359" classname="com.training.functional.tests.TC_79ApplicationAllowsTeachertoAuthorCourseAssignmentsQuizStudentsRegisterCourseCompleteAssignmentsTeacherReviewSendMailTest"/>
  <testcase name="DisplayStudentTestResult" time="0.075" classname="com.training.functional.tests.TC_79ApplicationAllowsTeachertoAuthorCourseAssignmentsQuizStudentsRegisterCourseCompleteAssignmentsTeacherReviewSendMailTest"/>
  <testcase name="SignOutFromStudentTest" time="4.398" classname="com.training.functional.tests.TC_79ApplicationAllowsTeachertoAuthorCourseAssignmentsQuizStudentsRegisterCourseCompleteAssignmentsTeacherReviewSendMailTest"/>
  <testcase name="CheckTeacherLoginTest" time="11.402" classname="com.training.functional.tests.TC_79ApplicationAllowsTeachertoAuthorCourseAssignmentsQuizStudentsRegisterCourseCompleteAssignmentsTeacherReviewSendMailTest"/>
</testsuite> <!-- com.training.functional.tests.TC_79ApplicationAllowsTeachertoAuthorCourseAssignmentsQuizStudentsRegisterCourseCompleteAssignmentsTeacherReviewSendMailTest -->
